<?xml version="1.0" encoding="UTF-8"?>
<!-- Generated by org.testng.reporters.JUnitXMLReporter -->
<testsuite hostname="PC" ignored="0" name="Test" tests="7" failures="0" timestamp="03 דצמ 2018 08:02:36 GMT" time="52.554" errors="0">
  <testcase name="ConnectToTheDevice" time="7.893" classname="Test.SetUp"/>
  <testcase name="CheckHistoryWindow" time="4.696" classname="Test.MainTest"/>
  <testcase name="Test1" time="6.798" classname="Test.MainTest"/>
  <testcase name="Test2" time="7.625" classname="Test.MainTest"/>
  <testcase name="Test3" time="12.26" classname="Test.MainTest"/>
  <testcase name="Test4" time="8.256" classname="Test.MainTest"/>
  <testcase name="CheckHistory" time="4.914" classname="Test.MainTest"/>
</testsuite> <!-- Test -->
