<?xml version="1.0" encoding="UTF-8"?>
<testng-results skipped="0" failed="0" ignored="0" total="7" passed="7">
  <reporter-output>
  </reporter-output>
  <suite name="Suite" duration-ms="52554" started-at="2018-12-03T08:01:44Z" finished-at="2018-12-03T08:02:36Z">
    <groups>
    </groups>
    <test name="Test" duration-ms="52554" started-at="2018-12-03T08:01:44Z" finished-at="2018-12-03T08:02:36Z">
      <class name="Test.SetUp">
        <test-method status="PASS" signature="ConnectToTheDevice()[pri:0, instance:Test.SetUp@5649fd9b]" name="ConnectToTheDevice" duration-ms="7893" started-at="2018-12-03T08:01:44Z" finished-at="2018-12-03T08:01:51Z">
          <reporter-output>
          </reporter-output>
        </test-method> <!-- ConnectToTheDevice -->
      </class> <!-- Test.SetUp -->
      <class name="Test.MainTest">
        <test-method status="PASS" signature="Rotate()[pri:0, instance:Test.MainTest@6adede5]" name="Rotate" is-config="true" duration-ms="81" started-at="2018-12-03T08:01:51Z" finished-at="2018-12-03T08:01:52Z">
          <reporter-output>
          </reporter-output>
        </test-method> <!-- Rotate -->
        <test-method status="PASS" signature="CheckHistoryWindow()[pri:1, instance:Test.MainTest@6adede5]" name="CheckHistoryWindow" duration-ms="4696" started-at="2018-12-03T08:01:52Z" finished-at="2018-12-03T08:01:56Z">
          <reporter-output>
          </reporter-output>
        </test-method> <!-- CheckHistoryWindow -->
        <test-method status="PASS" signature="Test1()[pri:2, instance:Test.MainTest@6adede5]" name="Test1" duration-ms="6798" started-at="2018-12-03T08:01:56Z" finished-at="2018-12-03T08:02:03Z">
          <reporter-output>
          </reporter-output>
        </test-method> <!-- Test1 -->
        <test-method status="PASS" signature="Test2()[pri:3, instance:Test.MainTest@6adede5]" name="Test2" duration-ms="7625" started-at="2018-12-03T08:02:03Z" finished-at="2018-12-03T08:02:11Z">
          <reporter-output>
          </reporter-output>
        </test-method> <!-- Test2 -->
        <test-method status="PASS" signature="Test3()[pri:4, instance:Test.MainTest@6adede5]" name="Test3" duration-ms="12260" started-at="2018-12-03T08:02:11Z" finished-at="2018-12-03T08:02:23Z">
          <reporter-output>
          </reporter-output>
        </test-method> <!-- Test3 -->
        <test-method status="PASS" signature="Test4()[pri:5, instance:Test.MainTest@6adede5]" name="Test4" duration-ms="8256" started-at="2018-12-03T08:02:23Z" finished-at="2018-12-03T08:02:31Z">
          <reporter-output>
          </reporter-output>
        </test-method> <!-- Test4 -->
        <test-method status="PASS" signature="CheckHistory()[pri:6, instance:Test.MainTest@6adede5]" name="CheckHistory" duration-ms="4914" started-at="2018-12-03T08:02:31Z" finished-at="2018-12-03T08:02:36Z">
          <reporter-output>
          </reporter-output>
        </test-method> <!-- CheckHistory -->
      </class> <!-- Test.MainTest -->
    </test> <!-- Test -->
  </suite> <!-- Suite -->
</testng-results>
